Using pre-set license
Built from '2020.2/release' branch; Version is '2020.2.1f1 (270dd8c3da1c) revision 2559448'; Using compiler version '192528614'; Build Type 'Release'
OS: 'Windows 10  (10.0.0) 64bit' Language: 'es' Physical Memory: 16343 MB
BatchMode: 1, IsHumanControllingUs: 0, StartBugReporterOnCrash: 0, Is64bit: 1, IsPro: 0

 COMMAND LINE ARGUMENTS:
C:\Program Files\Unity\Hub\Editor\2020.2.1f1\Editor\Unity.exe
-adb2
-batchMode
-noUpm
-name
AssetImportWorker0
-projectPath
C:/Users/root/Documents/GitHub/UnityMultiplayer/UpGuys
-logFile
Logs/AssetImportWorker0.log
-srvPort
52450
Successfully changed project path to: C:/Users/root/Documents/GitHub/UnityMultiplayer/UpGuys
C:/Users/root/Documents/GitHub/UnityMultiplayer/UpGuys
Using Asset Import Pipeline V2.
Refreshing native plugins compatible for Editor in 51.84 ms, found 0 plugins.
Preloading 0 native plugins for Editor in 0.00 ms.
Initialize engine version: 2020.2.1f1 (270dd8c3da1c)
[Subsystems] Discovering subsystems at path C:/Program Files/Unity/Hub/Editor/2020.2.1f1/Editor/Data/Resources/UnitySubsystems
[Subsystems] Discovering subsystems at path C:/Users/root/Documents/GitHub/UnityMultiplayer/UpGuys/Assets
GfxDevice: creating device client; threaded=0
Direct3D:
    Version:  Direct3D 11.0 [level 11.1]
    Renderer: NVIDIA GeForce GTX 960 (ID=0x1401)
    Vendor:   
    VRAM:     4053 MB
    Driver:   27.21.14.5167
Initialize mono
Mono path[0] = 'C:/Program Files/Unity/Hub/Editor/2020.2.1f1/Editor/Data/Managed'
Mono path[1] = 'C:/Program Files/Unity/Hub/Editor/2020.2.1f1/Editor/Data/MonoBleedingEdge/lib/mono/unityjit'
Mono config path = 'C:/Program Files/Unity/Hub/Editor/2020.2.1f1/Editor/Data/MonoBleedingEdge/etc'
Using monoOptions --debugger-agent=transport=dt_socket,embedding=1,server=y,suspend=n,address=127.0.0.1:56960
Begin MonoManager ReloadAssembly
Registering precompiled unity dll's ...
Register platform support module: C:/Program Files/Unity/Hub/Editor/2020.2.1f1/Editor/Data/PlaybackEngines/WindowsStandaloneSupport/UnityEditor.WindowsStandalone.Extensions.dll
Registered in 0.001323 seconds.
Native extension for WindowsStandalone target not found
Refreshing native plugins compatible for Editor in 22.83 ms, found 0 plugins.
Preloading 0 native plugins for Editor in 0.00 ms.
Invoked RoslynAnalysisRunner static constructor.
RoslynAnalysisRunner will not be running.
RoslynAnalysisRunner has terminated.
Mono: successfully reloaded assembly
- Completed reload, in  1.042 seconds
Platform modules already initialized, skipping
Registering precompiled user dll's ...
Registered in 0.002153 seconds.
Begin MonoManager ReloadAssembly
Native extension for WindowsStandalone target not found
Refreshing native plugins compatible for Editor in 0.25 ms, found 0 plugins.
Preloading 0 native plugins for Editor in 0.00 ms.
Invoked RoslynAnalysisRunner static constructor.
RoslynAnalysisRunner will not be running.
RoslynAnalysisRunner has terminated.
Mono: successfully reloaded assembly
- Completed reload, in  0.733 seconds
Platform modules already initialized, skipping
========================================================================
Worker process is ready to serve import requests
Launched and connected shader compiler UnityShaderCompiler.exe after 0.05 seconds
Refreshing native plugins compatible for Editor in 0.28 ms, found 0 plugins.
Preloading 0 native plugins for Editor in 0.00 ms.
Unloading 1319 Unused Serialized files (Serialized files now loaded: 0)
System memory in use before: 64.2 MB.
System memory in use after: 64.2 MB.

Unloading 15 unused Assets to reduce memory usage. Loaded Objects now: 1757.
Total: 2.420800 ms (FindLiveObjects: 0.216500 ms CreateObjectMapping: 0.079300 ms MarkObjects: 2.066700 ms  DeleteObjects: 0.056600 ms)

========================================================================
Received Import Request.
  path: Assets/RoomList.cs
  artifactKey: Guid(b08e3a9dc211f3d418e9912cf2e7444a) Importer(815301076,1909f56bfc062723c751e8b465ee728b)
Start importing Assets/RoomList.cs using Guid(b08e3a9dc211f3d418e9912cf2e7444a) Importer(815301076,1909f56bfc062723c751e8b465ee728b)  -> (artifact id: 'c25975197fba2a63c9d590cbfa48a78e') in 0.061631 seconds
  Import took 0.063586 seconds .

========================================================================
Received Prepare
Registering precompiled user dll's ...
Registered in 0.002096 seconds.
Begin MonoManager ReloadAssembly
Native extension for WindowsStandalone target not found
Refreshing native plugins compatible for Editor in 0.28 ms, found 0 plugins.
Preloading 0 native plugins for Editor in 0.00 ms.
Invoked RoslynAnalysisRunner static constructor.
RoslynAnalysisRunner will not be running.
RoslynAnalysisRunner has terminated.
Mono: successfully reloaded assembly
- Completed reload, in  0.716 seconds
Platform modules already initialized, skipping
Refreshing native plugins compatible for Editor in 0.26 ms, found 0 plugins.
Preloading 0 native plugins for Editor in 0.00 ms.
Unloading 1313 Unused Serialized files (Serialized files now loaded: 0)
System memory in use before: 64.4 MB.
System memory in use after: 64.5 MB.

Unloading 10 unused Assets to reduce memory usage. Loaded Objects now: 1759.
Total: 1.455800 ms (FindLiveObjects: 0.127900 ms CreateObjectMapping: 0.040100 ms MarkObjects: 1.251500 ms  DeleteObjects: 0.035700 ms)

========================================================================
Received Import Request.
  Time since last request: 719.477780 seconds.
  path: Assets/RoomList.cs
  artifactKey: Guid(b08e3a9dc211f3d418e9912cf2e7444a) Importer(815301076,1909f56bfc062723c751e8b465ee728b)
Start importing Assets/RoomList.cs using Guid(b08e3a9dc211f3d418e9912cf2e7444a) Importer(815301076,1909f56bfc062723c751e8b465ee728b)  -> (artifact id: '21ca80d8e5c4d1d8d518624a5134c868') in 0.003174 seconds
  Import took 0.004840 seconds .

========================================================================
Received Import Request.
  Time since last request: 156.964612 seconds.
  path: Assets/RoomListing.cs
  artifactKey: Guid(c61120efe7334c04d9d055d9b25304cf) Importer(815301076,1909f56bfc062723c751e8b465ee728b)
Start importing Assets/RoomListing.cs using Guid(c61120efe7334c04d9d055d9b25304cf) Importer(815301076,1909f56bfc062723c751e8b465ee728b)  -> (artifact id: '6de1c021b7ef2023207b959599b8e0cd') in 0.002452 seconds
  Import took 0.005026 seconds .

========================================================================
Received Import Request.
  Time since last request: 0.000728 seconds.
  path: Assets/RoomListing.cs
  artifactKey: Guid(c61120efe7334c04d9d055d9b25304cf) Importer(815301076,1909f56bfc062723c751e8b465ee728b)
Start importing Assets/RoomListing.cs using Guid(c61120efe7334c04d9d055d9b25304cf) Importer(815301076,1909f56bfc062723c751e8b465ee728b)  -> (artifact id: '6de1c021b7ef2023207b959599b8e0cd') in 0.002498 seconds
  Import took 0.004716 seconds .

========================================================================
Received Prepare
Registering precompiled user dll's ...
Registered in 0.002195 seconds.
Begin MonoManager ReloadAssembly
Native extension for WindowsStandalone target not found
Refreshing native plugins compatible for Editor in 0.25 ms, found 0 plugins.
Preloading 0 native plugins for Editor in 0.00 ms.
Invoked RoslynAnalysisRunner static constructor.
RoslynAnalysisRunner will not be running.
RoslynAnalysisRunner has terminated.
Mono: successfully reloaded assembly
- Completed reload, in  0.697 seconds
Platform modules already initialized, skipping
Refreshing native plugins compatible for Editor in 0.28 ms, found 0 plugins.
Preloading 0 native plugins for Editor in 0.00 ms.
Unloading 1314 Unused Serialized files (Serialized files now loaded: 0)
System memory in use before: 64.8 MB.
System memory in use after: 64.9 MB.

Unloading 10 unused Assets to reduce memory usage. Loaded Objects now: 1762.
Total: 1.345100 ms (FindLiveObjects: 0.121000 ms CreateObjectMapping: 0.036700 ms MarkObjects: 1.150800 ms  DeleteObjects: 0.035900 ms)

========================================================================
Received Prepare
Registering precompiled user dll's ...
Registered in 0.002845 seconds.
Begin MonoManager ReloadAssembly
Native extension for WindowsStandalone target not found
Refreshing native plugins compatible for Editor in 0.25 ms, found 0 plugins.
Preloading 0 native plugins for Editor in 0.00 ms.
Invoked RoslynAnalysisRunner static constructor.
RoslynAnalysisRunner will not be running.
RoslynAnalysisRunner has terminated.
Mono: successfully reloaded assembly
- Completed reload, in  0.765 seconds
Platform modules already initialized, skipping
Refreshing native plugins compatible for Editor in 0.27 ms, found 0 plugins.
Preloading 0 native plugins for Editor in 0.00 ms.
Unloading 1314 Unused Serialized files (Serialized files now loaded: 0)
System memory in use before: 65.2 MB.
System memory in use after: 65.3 MB.

Unloading 10 unused Assets to reduce memory usage. Loaded Objects now: 1764.
Total: 1.612100 ms (FindLiveObjects: 0.147500 ms CreateObjectMapping: 0.036000 ms MarkObjects: 1.387500 ms  DeleteObjects: 0.040400 ms)

========================================================================
Received Import Request.
  Time since last request: 362.571661 seconds.
  path: Assets/RoomListing.cs
  artifactKey: Guid(c61120efe7334c04d9d055d9b25304cf) Importer(815301076,1909f56bfc062723c751e8b465ee728b)
Start importing Assets/RoomListing.cs using Guid(c61120efe7334c04d9d055d9b25304cf) Importer(815301076,1909f56bfc062723c751e8b465ee728b)  -> (artifact id: 'bc46cfc9e1947f3d73f9bd105624d8f2') in 0.003338 seconds
  Import took 0.005093 seconds .

========================================================================
Received Prepare
Registering precompiled user dll's ...
Registered in 0.002131 seconds.
Begin MonoManager ReloadAssembly
Native extension for WindowsStandalone target not found
Refreshing native plugins compatible for Editor in 0.28 ms, found 0 plugins.
Preloading 0 native plugins for Editor in 0.00 ms.
Invoked RoslynAnalysisRunner static constructor.
RoslynAnalysisRunner will not be running.
RoslynAnalysisRunner has terminated.
Mono: successfully reloaded assembly
- Completed reload, in  0.717 seconds
Platform modules already initialized, skipping
Refreshing native plugins compatible for Editor in 0.24 ms, found 0 plugins.
Preloading 0 native plugins for Editor in 0.00 ms.
Unloading 1314 Unused Serialized files (Serialized files now loaded: 0)
System memory in use before: 65.6 MB.
System memory in use after: 65.6 MB.

Unloading 10 unused Assets to reduce memory usage. Loaded Objects now: 1766.
Total: 1.369300 ms (FindLiveObjects: 0.133800 ms CreateObjectMapping: 0.031200 ms MarkObjects: 1.166900 ms  DeleteObjects: 0.036700 ms)

========================================================================
Received Import Request.
  Time since last request: 199.851289 seconds.
  path: Assets/RoomList.cs
  artifactKey: Guid(b08e3a9dc211f3d418e9912cf2e7444a) Importer(815301076,1909f56bfc062723c751e8b465ee728b)
Start importing Assets/RoomList.cs using Guid(b08e3a9dc211f3d418e9912cf2e7444a) Importer(815301076,1909f56bfc062723c751e8b465ee728b)  -> (artifact id: '18668b627780254e06e9e6fe90f02a7a') in 0.003447 seconds
  Import took 0.005394 seconds .

========================================================================
Received Import Request.
  Time since last request: 0.001012 seconds.
  path: Assets/RoomList.cs
  artifactKey: Guid(b08e3a9dc211f3d418e9912cf2e7444a) Importer(815301076,1909f56bfc062723c751e8b465ee728b)
Start importing Assets/RoomList.cs using Guid(b08e3a9dc211f3d418e9912cf2e7444a) Importer(815301076,1909f56bfc062723c751e8b465ee728b)  -> (artifact id: '18668b627780254e06e9e6fe90f02a7a') in 0.001660 seconds
  Import took 0.003386 seconds .

========================================================================
Received Import Request.
  Time since last request: 25.172011 seconds.
  path: Assets/Prefabs/MainMenu/UI/RoomLists.prefab
  artifactKey: Guid(21694fe640d5e354c9807854f343a879) Importer(815301076,1909f56bfc062723c751e8b465ee728b)
Start importing Assets/Prefabs/MainMenu/UI/RoomLists.prefab using Guid(21694fe640d5e354c9807854f343a879) Importer(815301076,1909f56bfc062723c751e8b465ee728b)  -> (artifact id: 'a30592a6c3e74199613b0f28ee1106ae') in 0.056166 seconds
  Import took 0.058218 seconds .

========================================================================
Received Import Request.
  Time since last request: 9.570302 seconds.
  path: Assets/CreateNewRoom.cs
  artifactKey: Guid(a583185f77df7894ab46843175bb621e) Importer(815301076,1909f56bfc062723c751e8b465ee728b)
Start importing Assets/CreateNewRoom.cs using Guid(a583185f77df7894ab46843175bb621e) Importer(815301076,1909f56bfc062723c751e8b465ee728b)  -> (artifact id: '86c5ccc190d49b20b5c505179b39df46') in 0.001768 seconds
  Import took 0.003495 seconds .

========================================================================
Received Import Request.
  Time since last request: 4.307284 seconds.
  path: Assets/TestConnect.cs
  artifactKey: Guid(61a990bb35113374cbf4d045e1109984) Importer(815301076,1909f56bfc062723c751e8b465ee728b)
Start importing Assets/TestConnect.cs using Guid(61a990bb35113374cbf4d045e1109984) Importer(815301076,1909f56bfc062723c751e8b465ee728b)  -> (artifact id: 'e04a74503af34714a4814ae4a385cb1a') in 0.001872 seconds
  Import took 0.003716 seconds .

========================================================================
Received Import Request.
  Time since last request: 0.001205 seconds.
  path: Assets/TestConnect.cs
  artifactKey: Guid(61a990bb35113374cbf4d045e1109984) Importer(815301076,1909f56bfc062723c751e8b465ee728b)
Start importing Assets/TestConnect.cs using Guid(61a990bb35113374cbf4d045e1109984) Importer(815301076,1909f56bfc062723c751e8b465ee728b)  -> (artifact id: 'e04a74503af34714a4814ae4a385cb1a') in 0.001933 seconds
  Import took 0.003951 seconds .

========================================================================
Received Import Request.
  Time since last request: 1.874985 seconds.
  path: Assets/testestsetset.cs
  artifactKey: Guid(ea933887c2cb8a747986981c8d56e76b) Importer(815301076,1909f56bfc062723c751e8b465ee728b)
Start importing Assets/testestsetset.cs using Guid(ea933887c2cb8a747986981c8d56e76b) Importer(815301076,1909f56bfc062723c751e8b465ee728b)  -> (artifact id: '02a3d5e7e0fa30cc846974570703a8da') in 0.001747 seconds
  Import took 0.003649 seconds .

========================================================================
Received Prepare
Registering precompiled user dll's ...
Registered in 0.002220 seconds.
Begin MonoManager ReloadAssembly
Native extension for WindowsStandalone target not found
Refreshing native plugins compatible for Editor in 0.24 ms, found 0 plugins.
Preloading 0 native plugins for Editor in 0.00 ms.
Invoked RoslynAnalysisRunner static constructor.
RoslynAnalysisRunner will not be running.
RoslynAnalysisRunner has terminated.
Mono: successfully reloaded assembly
- Completed reload, in  0.820 seconds
Platform modules already initialized, skipping
Refreshing native plugins compatible for Editor in 0.42 ms, found 0 plugins.
Preloading 0 native plugins for Editor in 0.00 ms.
Unloading 1314 Unused Serialized files (Serialized files now loaded: 0)
System memory in use before: 65.9 MB.
System memory in use after: 66.0 MB.

Unloading 10 unused Assets to reduce memory usage. Loaded Objects now: 1770.
Total: 1.743500 ms (FindLiveObjects: 0.209000 ms CreateObjectMapping: 0.076500 ms MarkObjects: 1.416600 ms  DeleteObjects: 0.040100 ms)

========================================================================
Received Import Request.
  Time since last request: 1461.346230 seconds.
  path: Assets/TestConnect.cs
  artifactKey: Guid(61a990bb35113374cbf4d045e1109984) Importer(815301076,1909f56bfc062723c751e8b465ee728b)
Start importing Assets/TestConnect.cs using Guid(61a990bb35113374cbf4d045e1109984) Importer(815301076,1909f56bfc062723c751e8b465ee728b)  -> (artifact id: '43a0097113206a0ac0be8d533bc42029') in 0.003672 seconds
  Import took 0.005926 seconds .

========================================================================
Received Prepare
Refreshing native plugins compatible for Editor in 2.03 ms, found 0 plugins.
Preloading 0 native plugins for Editor in 0.00 ms.
Unloading 8 Unused Serialized files (Serialized files now loaded: 0)
System memory in use before: 39.5 MB.
System memory in use after: 39.6 MB.

Unloading 8 unused Assets to reduce memory usage. Loaded Objects now: 1770.
Total: 2.953600 ms (FindLiveObjects: 0.275300 ms CreateObjectMapping: 0.092900 ms MarkObjects: 2.522000 ms  DeleteObjects: 0.060100 ms)

========================================================================
Received Prepare
Registering precompiled user dll's ...
Registered in 0.004591 seconds.
Begin MonoManager ReloadAssembly
Native extension for WindowsStandalone target not found
Refreshing native plugins compatible for Editor in 0.26 ms, found 0 plugins.
Preloading 0 native plugins for Editor in 0.00 ms.
Invoked RoslynAnalysisRunner static constructor.
RoslynAnalysisRunner will not be running.
RoslynAnalysisRunner has terminated.
Mono: successfully reloaded assembly
- Completed reload, in  0.832 seconds
Platform modules already initialized, skipping
Refreshing native plugins compatible for Editor in 0.27 ms, found 0 plugins.
Preloading 0 native plugins for Editor in 0.00 ms.
Unloading 1314 Unused Serialized files (Serialized files now loaded: 0)
System memory in use before: 65.9 MB.
System memory in use after: 66.0 MB.

Unloading 10 unused Assets to reduce memory usage. Loaded Objects now: 1772.
Total: 1.845700 ms (FindLiveObjects: 0.202600 ms CreateObjectMapping: 0.061100 ms MarkObjects: 1.542900 ms  DeleteObjects: 0.037600 ms)

========================================================================
Received Prepare
Registering precompiled user dll's ...
Registered in 0.002094 seconds.
Begin MonoManager ReloadAssembly
Native extension for WindowsStandalone target not found
Refreshing native plugins compatible for Editor in 0.25 ms, found 0 plugins.
Preloading 0 native plugins for Editor in 0.00 ms.
Invoked RoslynAnalysisRunner static constructor.
RoslynAnalysisRunner will not be running.
RoslynAnalysisRunner has terminated.
Mono: successfully reloaded assembly
- Completed reload, in  0.701 seconds
Platform modules already initialized, skipping
Refreshing native plugins compatible for Editor in 0.25 ms, found 0 plugins.
Preloading 0 native plugins for Editor in 0.00 ms.
Unloading 1314 Unused Serialized files (Serialized files now loaded: 0)
System memory in use before: 66.0 MB.
System memory in use after: 66.1 MB.

Unloading 10 unused Assets to reduce memory usage. Loaded Objects now: 1774.
Total: 1.421100 ms (FindLiveObjects: 0.135200 ms CreateObjectMapping: 0.041800 ms MarkObjects: 1.206900 ms  DeleteObjects: 0.036400 ms)

========================================================================
Received Prepare
Registering precompiled user dll's ...
Registered in 0.002138 seconds.
Begin MonoManager ReloadAssembly
Native extension for WindowsStandalone target not found
Refreshing native plugins compatible for Editor in 0.24 ms, found 0 plugins.
Preloading 0 native plugins for Editor in 0.00 ms.
Invoked RoslynAnalysisRunner static constructor.
RoslynAnalysisRunner will not be running.
RoslynAnalysisRunner has terminated.
Mono: successfully reloaded assembly
- Completed reload, in  0.640 seconds
Platform modules already initialized, skipping
Refreshing native plugins compatible for Editor in 0.24 ms, found 0 plugins.
Preloading 0 native plugins for Editor in 0.00 ms.
Unloading 1314 Unused Serialized files (Serialized files now loaded: 0)
System memory in use before: 65.8 MB.
System memory in use after: 65.8 MB.

Unloading 10 unused Assets to reduce memory usage. Loaded Objects now: 1776.
Total: 1.683800 ms (FindLiveObjects: 0.202800 ms CreateObjectMapping: 0.070800 ms MarkObjects: 1.370700 ms  DeleteObjects: 0.038800 ms)

========================================================================
Received Prepare
Refreshing native plugins compatible for Editor in 1.61 ms, found 0 plugins.
Preloading 0 native plugins for Editor in 0.00 ms.
Unloading 8 Unused Serialized files (Serialized files now loaded: 0)
System memory in use before: 40.2 MB.
System memory in use after: 40.3 MB.

Unloading 8 unused Assets to reduce memory usage. Loaded Objects now: 1776.
Total: 1.991800 ms (FindLiveObjects: 0.263600 ms CreateObjectMapping: 0.077400 ms MarkObjects: 1.605100 ms  DeleteObjects: 0.044300 ms)

========================================================================
Received Prepare
Registering precompiled user dll's ...
Registered in 0.002902 seconds.
Begin MonoManager ReloadAssembly
Native extension for WindowsStandalone target not found
Refreshing native plugins compatible for Editor in 0.32 ms, found 0 plugins.
Preloading 0 native plugins for Editor in 0.00 ms.
Invoked RoslynAnalysisRunner static constructor.
RoslynAnalysisRunner will not be running.
RoslynAnalysisRunner has terminated.
Mono: successfully reloaded assembly
- Completed reload, in  0.806 seconds
Platform modules already initialized, skipping
Refreshing native plugins compatible for Editor in 0.44 ms, found 0 plugins.
Preloading 0 native plugins for Editor in 0.00 ms.
Unloading 1314 Unused Serialized files (Serialized files now loaded: 0)
System memory in use before: 65.6 MB.
System memory in use after: 65.7 MB.

Unloading 10 unused Assets to reduce memory usage. Loaded Objects now: 1778.
Total: 2.337000 ms (FindLiveObjects: 0.256900 ms CreateObjectMapping: 0.089000 ms MarkObjects: 1.947600 ms  DeleteObjects: 0.042100 ms)

========================================================================
Received Import Request.
  Time since last request: 2691.072259 seconds.
  path: Assets/NewBehaviourScript.cs
  artifactKey: Guid(895e3453d6e458e4bb3f814f83a53f93) Importer(815301076,1909f56bfc062723c751e8b465ee728b)
Start importing Assets/NewBehaviourScript.cs using Guid(895e3453d6e458e4bb3f814f83a53f93) Importer(815301076,1909f56bfc062723c751e8b465ee728b)  -> (artifact id: 'd4bf823b5983f176c189bfb4b065a730') in 0.005060 seconds
  Import took 0.007113 seconds .

========================================================================
Received Import Request.
  Time since last request: 0.000339 seconds.
  path: Assets/NewBehaviourScript.cs
  artifactKey: Guid(895e3453d6e458e4bb3f814f83a53f93) Importer(815301076,1909f56bfc062723c751e8b465ee728b)
Start importing Assets/NewBehaviourScript.cs using Guid(895e3453d6e458e4bb3f814f83a53f93) Importer(815301076,1909f56bfc062723c751e8b465ee728b)  -> (artifact id: 'd4bf823b5983f176c189bfb4b065a730') in 0.001659 seconds
  Import took 0.003305 seconds .

========================================================================
Received Prepare
Registering precompiled user dll's ...
Registered in 0.002192 seconds.
Begin MonoManager ReloadAssembly
Native extension for WindowsStandalone target not found
Refreshing native plugins compatible for Editor in 0.23 ms, found 0 plugins.
Preloading 0 native plugins for Editor in 0.00 ms.
Invoked RoslynAnalysisRunner static constructor.
RoslynAnalysisRunner will not be running.
RoslynAnalysisRunner has terminated.
Mono: successfully reloaded assembly
- Completed reload, in  0.661 seconds
Platform modules already initialized, skipping
Refreshing native plugins compatible for Editor in 0.24 ms, found 0 plugins.
Preloading 0 native plugins for Editor in 0.00 ms.
Unloading 1314 Unused Serialized files (Serialized files now loaded: 0)
System memory in use before: 66.0 MB.
System memory in use after: 66.1 MB.

Unloading 10 unused Assets to reduce memory usage. Loaded Objects now: 1780.
Total: 1.464100 ms (FindLiveObjects: 0.126100 ms CreateObjectMapping: 0.037100 ms MarkObjects: 1.265300 ms  DeleteObjects: 0.034700 ms)

========================================================================
Received Import Request.
  Time since last request: 35.695639 seconds.
  path: Assets/UIintroManager.cs
  artifactKey: Guid(5cc0ee7df145b584384d801a4c3a4396) Importer(815301076,1909f56bfc062723c751e8b465ee728b)
Start importing Assets/UIintroManager.cs using Guid(5cc0ee7df145b584384d801a4c3a4396) Importer(815301076,1909f56bfc062723c751e8b465ee728b)  -> (artifact id: '852de9d8c03dc580b08f55484390fe02') in 0.004624 seconds
  Import took 0.006773 seconds .

========================================================================
Received Prepare
Registering precompiled user dll's ...
Registered in 0.002780 seconds.
Begin MonoManager ReloadAssembly
Native extension for WindowsStandalone target not found
Refreshing native plugins compatible for Editor in 0.26 ms, found 0 plugins.
Preloading 0 native plugins for Editor in 0.00 ms.
Invoked RoslynAnalysisRunner static constructor.
RoslynAnalysisRunner will not be running.
RoslynAnalysisRunner has terminated.
Mono: successfully reloaded assembly
- Completed reload, in  0.707 seconds
Platform modules already initialized, skipping
Refreshing native plugins compatible for Editor in 0.26 ms, found 0 plugins.
Preloading 0 native plugins for Editor in 0.00 ms.
Unloading 1315 Unused Serialized files (Serialized files now loaded: 0)
System memory in use before: 66.1 MB.
System memory in use after: 66.2 MB.

Unloading 10 unused Assets to reduce memory usage. Loaded Objects now: 1783.
Total: 1.669400 ms (FindLiveObjects: 0.131300 ms CreateObjectMapping: 0.029900 ms MarkObjects: 1.471900 ms  DeleteObjects: 0.035600 ms)

========================================================================
Received Prepare
Registering precompiled user dll's ...
Registered in 0.002120 seconds.
Begin MonoManager ReloadAssembly
Native extension for WindowsStandalone target not found
Refreshing native plugins compatible for Editor in 0.25 ms, found 0 plugins.
Preloading 0 native plugins for Editor in 0.00 ms.
Invoked RoslynAnalysisRunner static constructor.
RoslynAnalysisRunner will not be running.
RoslynAnalysisRunner has terminated.
Mono: successfully reloaded assembly
- Completed reload, in  0.694 seconds
Platform modules already initialized, skipping
Refreshing native plugins compatible for Editor in 0.24 ms, found 0 plugins.
Preloading 0 native plugins for Editor in 0.00 ms.
Unloading 1315 Unused Serialized files (Serialized files now loaded: 0)
System memory in use before: 65.8 MB.
System memory in use after: 65.9 MB.

Unloading 10 unused Assets to reduce memory usage. Loaded Objects now: 1785.
Total: 1.708500 ms (FindLiveObjects: 0.127000 ms CreateObjectMapping: 0.038800 ms MarkObjects: 1.498800 ms  DeleteObjects: 0.042900 ms)

========================================================================
Received Import Request.
  Time since last request: 79.419740 seconds.
  path: Assets/UIintroManager.cs
  artifactKey: Guid(5cc0ee7df145b584384d801a4c3a4396) Importer(815301076,1909f56bfc062723c751e8b465ee728b)
Start importing Assets/UIintroManager.cs using Guid(5cc0ee7df145b584384d801a4c3a4396) Importer(815301076,1909f56bfc062723c751e8b465ee728b)  -> (artifact id: 'c4fceade2d229a45cffb1b9c3bf7d994') in 0.003180 seconds
  Import took 0.004840 seconds .

========================================================================
Received Import Request.
  Time since last request: 94.914674 seconds.
  path: Assets/RoomList.cs
  artifactKey: Guid(b08e3a9dc211f3d418e9912cf2e7444a) Importer(815301076,1909f56bfc062723c751e8b465ee728b)
Start importing Assets/RoomList.cs using Guid(b08e3a9dc211f3d418e9912cf2e7444a) Importer(815301076,1909f56bfc062723c751e8b465ee728b)  -> (artifact id: '4fe59b8b84f13e0e44b60b6b9f77a678') in 0.001802 seconds
  Import took 0.003932 seconds .

========================================================================
Received Import Request.
  Time since last request: 0.001010 seconds.
  path: Assets/RoomList.cs
  artifactKey: Guid(b08e3a9dc211f3d418e9912cf2e7444a) Importer(815301076,1909f56bfc062723c751e8b465ee728b)
Start importing Assets/RoomList.cs using Guid(b08e3a9dc211f3d418e9912cf2e7444a) Importer(815301076,1909f56bfc062723c751e8b465ee728b)  -> (artifact id: '4fe59b8b84f13e0e44b60b6b9f77a678') in 0.002179 seconds
  Import took 0.004002 seconds .

========================================================================
Received Import Request.
  Time since last request: 0.420146 seconds.
  path: Assets/RoomListing.cs
  artifactKey: Guid(c61120efe7334c04d9d055d9b25304cf) Importer(815301076,1909f56bfc062723c751e8b465ee728b)
Start importing Assets/RoomListing.cs using Guid(c61120efe7334c04d9d055d9b25304cf) Importer(815301076,1909f56bfc062723c751e8b465ee728b)  -> (artifact id: 'e1c424c24c4ddca6c1db670375e4603c') in 0.001589 seconds
  Import took 0.003629 seconds .

========================================================================
Received Prepare
Registering precompiled user dll's ...
Registered in 0.003669 seconds.
Begin MonoManager ReloadAssembly
Native extension for WindowsStandalone target not found
Refreshing native plugins compatible for Editor in 0.25 ms, found 0 plugins.
Preloading 0 native plugins for Editor in 0.00 ms.
Invoked RoslynAnalysisRunner static constructor.
RoslynAnalysisRunner will not be running.
RoslynAnalysisRunner has terminated.
Mono: successfully reloaded assembly
- Completed reload, in  0.642 seconds
Platform modules already initialized, skipping
Refreshing native plugins compatible for Editor in 0.24 ms, found 0 plugins.
Preloading 0 native plugins for Editor in 0.00 ms.
Unloading 1315 Unused Serialized files (Serialized files now loaded: 0)
System memory in use before: 66.1 MB.
System memory in use after: 66.2 MB.

Unloading 10 unused Assets to reduce memory usage. Loaded Objects now: 1787.
Total: 1.419300 ms (FindLiveObjects: 0.139200 ms CreateObjectMapping: 0.039900 ms MarkObjects: 1.203500 ms  DeleteObjects: 0.035900 ms)

========================================================================
Received Prepare
Registering precompiled user dll's ...
Registered in 0.002066 seconds.
Begin MonoManager ReloadAssembly
Native extension for WindowsStandalone target not found
Refreshing native plugins compatible for Editor in 0.25 ms, found 0 plugins.
Preloading 0 native plugins for Editor in 0.00 ms.
Invoked RoslynAnalysisRunner static constructor.
RoslynAnalysisRunner will not be running.
RoslynAnalysisRunner has terminated.
Mono: successfully reloaded assembly
- Completed reload, in  0.725 seconds
Platform modules already initialized, skipping
Refreshing native plugins compatible for Editor in 0.27 ms, found 0 plugins.
Preloading 0 native plugins for Editor in 0.00 ms.
Unloading 1315 Unused Serialized files (Serialized files now loaded: 0)
System memory in use before: 65.7 MB.
System memory in use after: 65.7 MB.

Unloading 10 unused Assets to reduce memory usage. Loaded Objects now: 1789.
Total: 1.545200 ms (FindLiveObjects: 0.129900 ms CreateObjectMapping: 0.040300 ms MarkObjects: 1.337200 ms  DeleteObjects: 0.037200 ms)

========================================================================
Received Prepare
Registering precompiled user dll's ...
Registered in 0.002027 seconds.
Begin MonoManager ReloadAssembly
Native extension for WindowsStandalone target not found
Refreshing native plugins compatible for Editor in 0.24 ms, found 0 plugins.
Preloading 0 native plugins for Editor in 0.00 ms.
Invoked RoslynAnalysisRunner static constructor.
RoslynAnalysisRunner will not be running.
RoslynAnalysisRunner has terminated.
Mono: successfully reloaded assembly
- Completed reload, in  0.627 seconds
Platform modules already initialized, skipping
Refreshing native plugins compatible for Editor in 0.24 ms, found 0 plugins.
Preloading 0 native plugins for Editor in 0.00 ms.
Unloading 1315 Unused Serialized files (Serialized files now loaded: 0)
System memory in use before: 66.1 MB.
System memory in use after: 66.2 MB.

Unloading 10 unused Assets to reduce memory usage. Loaded Objects now: 1791.
Total: 1.456700 ms (FindLiveObjects: 0.136500 ms CreateObjectMapping: 0.037400 ms MarkObjects: 1.242800 ms  DeleteObjects: 0.039300 ms)

========================================================================
Received Prepare
Registering precompiled user dll's ...
Registered in 0.002393 seconds.
Begin MonoManager ReloadAssembly
Native extension for WindowsStandalone target not found
Refreshing native plugins compatible for Editor in 0.24 ms, found 0 plugins.
Preloading 0 native plugins for Editor in 0.00 ms.
Invoked RoslynAnalysisRunner static constructor.
RoslynAnalysisRunner will not be running.
RoslynAnalysisRunner has terminated.
Mono: successfully reloaded assembly
- Completed reload, in  0.691 seconds
Platform modules already initialized, skipping
Refreshing native plugins compatible for Editor in 0.27 ms, found 0 plugins.
Preloading 0 native plugins for Editor in 0.00 ms.
Unloading 1315 Unused Serialized files (Serialized files now loaded: 0)
System memory in use before: 66.1 MB.
System memory in use after: 66.2 MB.

Unloading 10 unused Assets to reduce memory usage. Loaded Objects now: 1793.
Total: 1.479200 ms (FindLiveObjects: 0.139000 ms CreateObjectMapping: 0.035100 ms MarkObjects: 1.252600 ms  DeleteObjects: 0.051700 ms)

========================================================================
Received Prepare
Registering precompiled user dll's ...
Registered in 0.002057 seconds.
Begin MonoManager ReloadAssembly
Native extension for WindowsStandalone target not found
Refreshing native plugins compatible for Editor in 0.26 ms, found 0 plugins.
Preloading 0 native plugins for Editor in 0.00 ms.
Invoked RoslynAnalysisRunner static constructor.
RoslynAnalysisRunner will not be running.
RoslynAnalysisRunner has terminated.
Mono: successfully reloaded assembly
- Completed reload, in  0.698 seconds
Platform modules already initialized, skipping
Refreshing native plugins compatible for Editor in 0.24 ms, found 0 plugins.
Preloading 0 native plugins for Editor in 0.00 ms.
Unloading 1315 Unused Serialized files (Serialized files now loaded: 0)
System memory in use before: 65.9 MB.
System memory in use after: 66.0 MB.

Unloading 10 unused Assets to reduce memory usage. Loaded Objects now: 1795.
Total: 1.414700 ms (FindLiveObjects: 0.135900 ms CreateObjectMapping: 0.039900 ms MarkObjects: 1.199900 ms  DeleteObjects: 0.038000 ms)

========================================================================
Received Prepare
Registering precompiled user dll's ...
Registered in 0.002086 seconds.
Begin MonoManager ReloadAssembly
Native extension for WindowsStandalone target not found
Refreshing native plugins compatible for Editor in 0.24 ms, found 0 plugins.
Preloading 0 native plugins for Editor in 0.00 ms.
Invoked RoslynAnalysisRunner static constructor.
RoslynAnalysisRunner will not be running.
RoslynAnalysisRunner has terminated.
Mono: successfully reloaded assembly
- Completed reload, in  0.703 seconds
Platform modules already initialized, skipping
Refreshing native plugins compatible for Editor in 0.27 ms, found 0 plugins.
Preloading 0 native plugins for Editor in 0.00 ms.
Unloading 1315 Unused Serialized files (Serialized files now loaded: 0)
System memory in use before: 66.1 MB.
System memory in use after: 66.2 MB.

Unloading 10 unused Assets to reduce memory usage. Loaded Objects now: 1797.
Total: 1.383200 ms (FindLiveObjects: 0.139700 ms CreateObjectMapping: 0.040000 ms MarkObjects: 1.167800 ms  DeleteObjects: 0.035000 ms)

========================================================================
Received Prepare
Registering precompiled user dll's ...
Registered in 0.002168 seconds.
Begin MonoManager ReloadAssembly
Native extension for WindowsStandalone target not found
Refreshing native plugins compatible for Editor in 0.39 ms, found 0 plugins.
Preloading 0 native plugins for Editor in 0.00 ms.
Invoked RoslynAnalysisRunner static constructor.
RoslynAnalysisRunner will not be running.
RoslynAnalysisRunner has terminated.
Mono: successfully reloaded assembly
- Completed reload, in  0.847 seconds
Platform modules already initialized, skipping
Refreshing native plugins compatible for Editor in 0.42 ms, found 0 plugins.
Preloading 0 native plugins for Editor in 0.00 ms.
Unloading 1315 Unused Serialized files (Serialized files now loaded: 0)
System memory in use before: 65.7 MB.
System memory in use after: 65.8 MB.

Unloading 10 unused Assets to reduce memory usage. Loaded Objects now: 1799.
Total: 2.284700 ms (FindLiveObjects: 0.220200 ms CreateObjectMapping: 0.084100 ms MarkObjects: 1.929200 ms  DeleteObjects: 0.049800 ms)

========================================================================
Received Prepare
Refreshing native plugins compatible for Editor in 1.45 ms, found 0 plugins.
Preloading 0 native plugins for Editor in 0.00 ms.
Unloading 8 Unused Serialized files (Serialized files now loaded: 0)
System memory in use before: 40.2 MB.
System memory in use after: 40.3 MB.

Unloading 8 unused Assets to reduce memory usage. Loaded Objects now: 1799.
Total: 1.487600 ms (FindLiveObjects: 0.144800 ms CreateObjectMapping: 0.043900 ms MarkObjects: 1.261900 ms  DeleteObjects: 0.035800 ms)

========================================================================
Received Prepare
Registering precompiled user dll's ...
Registered in 0.003173 seconds.
Begin MonoManager ReloadAssembly
Native extension for WindowsStandalone target not found
Refreshing native plugins compatible for Editor in 0.28 ms, found 0 plugins.
Preloading 0 native plugins for Editor in 0.00 ms.
Invoked RoslynAnalysisRunner static constructor.
RoslynAnalysisRunner will not be running.
RoslynAnalysisRunner has terminated.
Mono: successfully reloaded assembly
- Completed reload, in  0.810 seconds
Platform modules already initialized, skipping
Refreshing native plugins compatible for Editor in 0.27 ms, found 0 plugins.
Preloading 0 native plugins for Editor in 0.00 ms.
Unloading 1315 Unused Serialized files (Serialized files now loaded: 0)
System memory in use before: 65.6 MB.
System memory in use after: 65.6 MB.

Unloading 10 unused Assets to reduce memory usage. Loaded Objects now: 1801.
Total: 2.502900 ms (FindLiveObjects: 0.315300 ms CreateObjectMapping: 0.110600 ms MarkObjects: 2.019100 ms  DeleteObjects: 0.056400 ms)

AssetImportWorkerClient::OnTransportError - code=2 error=End of file
